2026-01-16 22:12:48,930 [INFO] [get_location_clusters] get_photos_by_location returned 0 location groups
2026-01-16 22:12:48,930 [INFO] [get_location_clusters] Returning 0 location clusters
2026-01-16 22:12:48,930 [INFO] [LocationsSection] Loaded 0 location clusters (gen 3)
2026-01-16 22:12:48,931 [INFO] [LocationsSection] Data loaded successfully (gen 3)
2026-01-16 22:12:48,955 [INFO] [AccordionSidebar] Section locations loaded and displayed
2026-01-16 22:12:53,023 [INFO] [AccordionSidebar] Expanding section: folders
2026-01-16 22:12:53,031 [INFO] [FoldersSection] Loading folders (generation 4)...
2026-01-16 22:12:53,035 [INFO] [FoldersSection] Loaded 9 folders (gen 4)
2026-01-16 22:12:53,040 [INFO] [FoldersSection] Tree built with 1 top-level folders
2026-01-16 22:12:53,041 [INFO] [FoldersSection] Data loaded successfully (gen 4)
2026-01-16 22:12:53,043 [INFO] [FoldersSection] Tree built with 1 top-level folders
2026-01-16 22:12:53,070 [INFO] [AccordionSidebar] Section folders loaded and displayed
[GooglePhotosLayout] ========================================
[GooglePhotosLayout] Accordion folder clicked: folder_id=1
[GooglePhotosLayout] Found folder path: C:\Users\ASUS\OneDrive\Documents\Python\Test-Photos\photos\refs
[GooglePhotosLayout] Calling _load_photos with filter_folder=C:\Users\ASUS\OneDrive\Documents\Python\Test-Photos\photos\refs
[GooglePhotosLayout] üì∑ Loading photos from database (thumb size: 200px) [folder=C:\Users\ASUS\OneDrive\Documents\Python\Test-Photos\photos\refs]...
[GooglePhotosLayout] üîÑ Clearing existing timeline and thumbnail cache...
[GooglePhotosLayout] üîç Starting async photo load (generation 4)...
[GooglePhotosLayout] ‚úÖ Photo load worker started (generation 4)
[GooglePhotosLayout] _load_photos call completed
[GooglePhotosLayout] ========================================
2026-01-16 22:12:54,303 [INFO] Photo query complete: generation=4, current=4, rows=21
[GooglePhotosLayout] üìÖ Grouping 21 photos by date...
[GooglePhotosLayout] ‚úÖ Grouped into 14 date groups
[GooglePhotosLayout] Tracking 21 paths for multi-selection
[GooglePhotosLayout] üöÄ Setting up virtual scrolling for 14 date groups...
[GooglePhotosLayout] ‚úÖ Virtual scrolling enabled: 14 total date groups
[GooglePhotosLayout] üìä Rendered: 5 groups | Placeholders: 9 groups
[GooglePhotosLayout] üñºÔ∏è Queued 7 thumbnails for loading (initial limit: 50)
[GooglePhotosLayout] ‚úÖ Photo loading complete! Thumbnails will load progressively.
[GooglePhotosLayout] üé® Rendering 1 date groups that entered viewport...
[GooglePhotosLayout] üìê Responsive grid: 5 columns (viewport: 1247px, thumb: 200px)
[GooglePhotosLayout] ‚úì Now 6/14 groups rendered
[GooglePhotosLayout] üé® Rendering 1 date groups that entered viewport...
[GooglePhotosLayout] ‚úì Now 7/14 groups rendered
[GooglePhotosLayout] üé® Rendering 1 date groups that entered viewport...
[GooglePhotosLayout] ‚úì Now 8/14 groups rendered
[GooglePhotosLayout] üé® Rendering 1 date groups that entered viewport...
[GooglePhotosLayout] ‚úì Now 9/14 groups rendered
[GooglePhotosLayout] üé® Rendering 1 date groups that entered viewport...
[GooglePhotosLayout] ‚úì Now 10/14 groups rendered
[GooglePhotosLayout] üé® Rendering 1 date groups that entered viewport...
[GooglePhotosLayout] ‚úì Now 11/14 groups rendered
[GooglePhotosLayout] üé® Rendering 1 date groups that entered viewport...
[GooglePhotosLayout] ‚úì Now 12/14 groups rendered
[GooglePhotosLayout] üé® Rendering 1 date groups that entered viewport...
[GooglePhotosLayout] ‚úì Now 13/14 groups rendered
[GooglePhotosLayout] üé® Rendering 1 date groups that entered viewport...
[GooglePhotosLayout] ‚úì Now 14/14 groups rendered
2026-01-16 22:13:23,094 [INFO] Loaded stack 1 with 3 members
2026-01-16 22:13:23,096 [ERROR] Failed to load stack: name 'is_representative' is not defined
Traceback (most recent call last):
  File "C:\Users\ASUS\OneDrive\Documents\Python\Zip\10_01.01.06-Photo-App\MemoryMate-PhotoFlow-Refactored-main-05\layouts\google_components\stack_view_dialog.py", line 404, in _load_stack
    self._update_ui()
  File "C:\Users\ASUS\OneDrive\Documents\Python\Zip\10_01.01.06-Photo-App\MemoryMate-PhotoFlow-Refactored-main-05\layouts\google_components\stack_view_dialog.py", line 435, in _update_ui
    widget = StackMemberWidget(
  File "C:\Users\ASUS\OneDrive\Documents\Python\Zip\10_01.01.06-Photo-App\MemoryMate-PhotoFlow-Refactored-main-05\layouts\google_components\stack_view_dialog.py", line 60, in __init__
    self._init_ui()
  File "C:\Users\ASUS\OneDrive\Documents\Python\Zip\10_01.01.06-Photo-App\MemoryMate-PhotoFlow-Refactored-main-05\layouts\google_components\stack_view_dialog.py", line 137, in _init_ui
    self.checkbox.setEnabled(not is_representative)
NameError: name 'is_representative' is not defined
2026-01-16 22:13:45,919 [INFO] [AccordionSidebar] Expanding section: duplicates
2026-01-16 22:13:45,967 [INFO] [AccordionSidebar] Section duplicates loaded and displayed
2026-01-16 22:13:47,940 [INFO] Loaded 0 duplicate assets
2026-01-16 22:13:49,779 [INFO] [AccordionSidebar] Section duplicates loaded and displayed
2026-01-16 22:14:29,267 [INFO] Loaded 0 duplicate assets
2026-01-16 22:14:31,805 [INFO] [AccordionSidebar] Section duplicates loaded and displayed
üåç Language switched to: en
2026-01-16 22:14:39,131 [INFO] [SemanticEmbeddingService] Initialized with model=clip-vit-b32
2026-01-16 22:14:42,864 [INFO] [AccordionSidebar] Section duplicates loaded and displayed
